Added Component: Designator=J1(USB_3.1)
Added Pin To Net: NetName=GND Pin=J1-A1
Added Pin To Net: NetName=THEM1 Pin=J1-A2
Added Pin To Net: NetName=THEM2 Pin=J1-A3
Added Pin To Net: NetName=VIN Pin=J1-A4
Added Pin To Net: NetName=SIG1 Pin=J1-A5
Added Pin To Net: NetName=SIG2 Pin=J1-A6
Added Pin To Net: NetName=SIG3 Pin=J1-A7
Added Pin To Net: NetName=SIG4 Pin=J1-A8
Added Pin To Net: NetName=VIN Pin=J1-A9
Added Pin To Net: NetName=FANGND Pin=J1-A10
Added Pin To Net: NetName=ZSTOP Pin=J1-A11
Added Pin To Net: NetName=GND Pin=J1-A12
Added Pin To Net: NetName=GND Pin=J1-B1
Added Pin To Net: NetName=THEM1 Pin=J1-B2
Added Pin To Net: NetName=THEM2 Pin=J1-B3
Added Pin To Net: NetName=VIN Pin=J1-B4
Added Pin To Net: NetName=ES1 Pin=J1-B5
Added Pin To Net: NetName=ES2 Pin=J1-B6
Added Pin To Net: NetName=ES3 Pin=J1-B7
Added Pin To Net: NetName=VIN Pin=J1-B9
Added Pin To Net: NetName=FANGND Pin=J1-B10
Added Pin To Net: NetName=ZSTOP Pin=J1-B11
Added Pin To Net: NetName=GND Pin=J1-B12
Added Member To Class: ClassName=Sheet1 Member=Component J1 USB_3_1
Added Room: Name=Sheet1
